2020-06-25 20:06:32,248 [Worker-2: Loading available Gradle versions] INFO  o.e.b.c.i.u.g.PublishedGradleVersions - Gradle version information cache is up-to-date. Trying to read.
2020-06-25 20:07:09,684 [Worker-10: Importing Maven projects] INFO  o.e.m.c.i.l.LifecycleMappingFactory - Using org.eclipse.m2e.jdt.JarLifecycleMapping lifecycle mapping for MavenProject: com.kazale:ponto-inteligente:0.0.1-SNAPSHOT @ C:\Users\Diego\Desktop\cursos\Curso Angular\sistema-ponto\ponto-inteligente-api-curso-angular\pom.xml.
2020-06-25 20:07:14,184 [Worker-10: Importing Maven projects] INFO  o.e.m.c.i.embedder.EclipseLogger - Using 'UTF-8' encoding to copy filtered resources.
2020-06-25 20:07:14,190 [Worker-10: Importing Maven projects] INFO  o.e.m.c.i.embedder.EclipseLogger - Copying 3 resources
2020-06-25 20:07:14,230 [Worker-10: Importing Maven projects] INFO  o.e.m.c.i.embedder.EclipseLogger - Copying 3 resources
2020-06-25 20:07:14,255 [Worker-10: Importing Maven projects] INFO  o.e.m.c.i.embedder.EclipseLogger - Using 'UTF-8' encoding to copy filtered resources.
2020-06-25 20:07:14,255 [Worker-10: Importing Maven projects] INFO  o.e.m.c.i.embedder.EclipseLogger - skip non existing resourceDirectory C:\Users\Diego\Desktop\cursos\Curso Angular\sistema-ponto\ponto-inteligente-api-curso-angular\src\test\resources
2020-06-25 20:07:17,008 [Worker-10: Importing Maven projects] INFO  o.e.m.j.i.AbstractJavaProjectConfigurator - Adding source folder /ponto-inteligente-api-curso-angular/src/main/java
2020-06-25 20:07:17,008 [Worker-10: Importing Maven projects] INFO  o.e.m.j.i.AbstractJavaProjectConfigurator - Adding resource folder /ponto-inteligente-api-curso-angular/src/main/resources
2020-06-25 20:07:17,009 [Worker-10: Importing Maven projects] INFO  o.e.m.j.i.AbstractJavaProjectConfigurator - Adding resource folder /ponto-inteligente-api-curso-angular/src/main/resources
2020-06-25 20:07:17,010 [Worker-10: Importing Maven projects] INFO  o.e.m.j.i.AbstractJavaProjectConfigurator - Adding source folder /ponto-inteligente-api-curso-angular/src/test/java
2020-06-25 20:07:35,039 [Worker-10: Importing Maven projects] INFO  o.e.m.c.i.embedder.EclipseLogger - Using 'UTF-8' encoding to copy filtered resources.
2020-06-25 20:07:35,044 [Worker-10: Importing Maven projects] INFO  o.e.m.c.i.embedder.EclipseLogger - Copying 3 resources
2020-06-25 20:07:35,159 [Worker-10: Importing Maven projects] INFO  o.e.m.c.i.embedder.EclipseLogger - Copying 3 resources
2020-06-25 20:07:35,187 [Worker-10: Importing Maven projects] INFO  o.e.m.c.i.embedder.EclipseLogger - Using 'UTF-8' encoding to copy filtered resources.
2020-06-25 20:07:35,187 [Worker-10: Importing Maven projects] INFO  o.e.m.c.i.embedder.EclipseLogger - skip non existing resourceDirectory C:\Users\Diego\Desktop\cursos\Curso Angular\sistema-ponto\ponto-inteligente-api-curso-angular\src\test\resources
2020-06-25 20:07:36,614 [Worker-10: Importing Maven projects] INFO  o.e.m.c.i.p.ProjectConfigurationManager - Imported and configured 1 project(s) in 39 sec
2020-06-25 20:07:38,739 [Worker-0: Building] INFO  o.e.m.c.i.embedder.EclipseLogger - Using 'UTF-8' encoding to copy filtered resources.
2020-06-25 20:07:38,739 [Worker-0: Building] INFO  o.e.m.c.i.embedder.EclipseLogger - Copying 0 resource
2020-06-25 20:07:38,740 [Worker-0: Building] INFO  o.e.m.c.i.embedder.EclipseLogger - Copying 0 resource
2020-06-25 20:07:38,743 [Worker-0: Building] INFO  o.e.m.c.i.embedder.EclipseLogger - Using 'UTF-8' encoding to copy filtered resources.
2020-06-25 20:07:38,743 [Worker-0: Building] INFO  o.e.m.c.i.embedder.EclipseLogger - skip non existing resourceDirectory C:\Users\Diego\Desktop\cursos\Curso Angular\sistema-ponto\ponto-inteligente-api-curso-angular\src\test\resources
